生成启动时间为 2020/3/22 23:03:30。
     1>项目“C:\Users\admin\Desktop\XueJieCode\XueJieCode\XueJieCode\XueJieCode.vcxproj”在节点 2 上(Build 个目标)。
     1>ClCompile:
         C:\Program Files (x86)\Microsoft Visual Studio 12.0\VC\bin\CL.exe /c /I.\GeneratedFiles /I. /IC:\Qt\Qt5.8.0\5.8\msvc2013\include /I.\GeneratedFiles\Release /IC:\Qt\Qt5.8.0\5.8\msvc2013\include\QtCore /IC:\Qt\Qt5.8.0\5.8\msvc2013\include\QtGui /IC:\Qt\Qt5.8.0\5.8\msvc2013\include\QtOpenGL /IC:\Qt\Qt5.8.0\5.8\msvc2013\include\QtSql /IC:\Qt\Qt5.8.0\5.8\msvc2013\include\QtWidgets /nologo /W1 /WX- /O2 /Oy- /D UNICODE /D WIN32 /D WIN64 /D QT_DLL /D QT_NO_DEBUG /D NDEBUG /D QT_CORE_LIB /D QT_GUI_LIB /D QT_OPENGL_LIB /D QT_SQL_LIB /D QT_WIDGETS_LIB /Gm- /EHsc /MD /GS /fp:precise /Zc:wchar_t /Zc:forScope /Fo"Release\\" /Fd"Release\vc120.pdb" /Gd /TP /analyze- /errorReport:prompt modeleditwidget.cpp
         modeleditwidget.cpp
       Link:
         C:\Program Files (x86)\Microsoft Visual Studio 12.0\VC\bin\link.exe /ERRORREPORT:PROMPT /OUT:"C:\Users\admin\Desktop\XueJieCode\XueJieCode\Win32\Release\\XueJieCode.exe" /NOLOGO /LIBPATH:C:\Qt\Qt5.8.0\5.8\msvc2013\lib /LIBPATH:C:\OSG\lib /LIBPATH:C:\Qt\Qt5.8.0\5.8\msvc2013\lib qtmain.lib Qt5Core.lib Qt5Gui.lib Qt5OpenGL.lib opengl32.lib glu32.lib Qt5Sql.lib Qt5Widgets.lib OpenThreads.lib osg.lib osgDB.lib osgUtil.lib osgGA.lib osgViewer.lib osgText.lib osgFX.lib Qt5AxContainer.lib Qt5AxBase.lib kernel32.lib user32.lib gdi32.lib winspool.lib comdlg32.lib advapi32.lib shell32.lib ole32.lib oleaut32.lib uuid.lib odbc32.lib odbccp32.lib /MANIFEST /MANIFESTUAC:"level='asInvoker' uiAccess='false'" /manifest:embed /PDB:"C:\Users\admin\Desktop\XueJieCode\XueJieCode\Win32\Release\XueJieCode.pdb" /SUBSYSTEM:WINDOWS /TLBID:1 /DYNAMICBASE /NXCOMPAT /IMPLIB:"C:\Users\admin\Desktop\XueJieCode\XueJieCode\Win32\Release\XueJieCode.lib" /MACHINE:X86 /SAFESEH Release\ExcelManger.obj
         Release\qrc_MainWindow.obj
         Release\moc_ExcelManger.obj
         Release\moc_MainWindow.obj
         Release\moc_modeleditwidget.obj
         Release\moc_pickhandler.obj
         Release\moc_qtosgwidget.obj
         Release\moc_wanderhandler.obj
         Release\main.obj
         Release\MainWindow.obj
         Release\modeleditwidget.obj
         Release\network3d.obj
         Release\pickhandler.obj
         Release\qtosgwidget.obj
         Release\wanderhandler.obj
         Release\windowcapturecallback.obj
         XueJieCode.vcxproj -> C:\Users\admin\Desktop\XueJieCode\XueJieCode\Win32\Release\XueJieCode.exe
     1>已完成生成项目“C:\Users\admin\Desktop\XueJieCode\XueJieCode\XueJieCode\XueJieCode.vcxproj”(Build 个目标)的操作。

生成成功。

已用时间 00:00:06.53
