c:\users\admin\desktop\xuejiecode\xuejiecode\xuejiecode\debug\vc120.pdb
c:\users\admin\desktop\xuejiecode\xuejiecode\xuejiecode\debug\windowcapturecallback.obj
c:\users\admin\desktop\xuejiecode\xuejiecode\xuejiecode\debug\wanderhandler.obj
c:\users\admin\desktop\xuejiecode\xuejiecode\xuejiecode\debug\qtosgwidget.obj
c:\users\admin\desktop\xuejiecode\xuejiecode\xuejiecode\debug\pickhandler.obj
c:\users\admin\desktop\xuejiecode\xuejiecode\xuejiecode\debug\network3d.obj
c:\users\admin\desktop\xuejiecode\xuejiecode\xuejiecode\debug\modeleditwidget.obj
c:\users\admin\desktop\xuejiecode\xuejiecode\xuejiecode\debug\mainwindow.obj
c:\users\admin\desktop\xuejiecode\xuejiecode\xuejiecode\debug\main.obj
c:\users\admin\desktop\xuejiecode\xuejiecode\xuejiecode\debug\moc_wanderhandler.obj
c:\users\admin\desktop\xuejiecode\xuejiecode\xuejiecode\debug\moc_qtosgwidget.obj
c:\users\admin\desktop\xuejiecode\xuejiecode\xuejiecode\debug\moc_pickhandler.obj
c:\users\admin\desktop\xuejiecode\xuejiecode\xuejiecode\debug\moc_modeleditwidget.obj
c:\users\admin\desktop\xuejiecode\xuejiecode\xuejiecode\debug\moc_mainwindow.obj
c:\users\admin\desktop\xuejiecode\xuejiecode\xuejiecode\debug\moc_excelmanger.obj
c:\users\admin\desktop\xuejiecode\xuejiecode\xuejiecode\debug\excelmanger.obj
c:\users\admin\desktop\xuejiecode\xuejiecode\xuejiecode\debug\qrc_mainwindow.obj
c:\users\admin\desktop\xuejiecode\xuejiecode\xuejiecode\generatedfiles\debug\moc_mainwindow.cpp
c:\users\admin\desktop\xuejiecode\xuejiecode\xuejiecode\generatedfiles\ui_mainwindow.h
c:\users\admin\desktop\xuejiecode\xuejiecode\xuejiecode\generatedfiles\debug\moc_excelmanger.cpp
c:\users\admin\desktop\xuejiecode\xuejiecode\xuejiecode\generatedfiles\debug\moc_wanderhandler.cpp
c:\users\admin\desktop\xuejiecode\xuejiecode\xuejiecode\generatedfiles\debug\moc_qtosgwidget.cpp
c:\users\admin\desktop\xuejiecode\xuejiecode\xuejiecode\generatedfiles\debug\moc_pickhandler.cpp
c:\users\admin\desktop\xuejiecode\xuejiecode\xuejiecode\generatedfiles\qrc_mainwindow.cpp
c:\users\admin\desktop\xuejiecode\xuejiecode\xuejiecode\generatedfiles\debug\moc_modeleditwidget.cpp
c:\users\admin\desktop\xuejiecode\xuejiecode\win32\debug\xuejiecode.ilk
c:\users\admin\desktop\xuejiecode\xuejiecode\win32\debug\xuejiecode.exe
c:\users\admin\desktop\xuejiecode\xuejiecode\win32\debug\xuejiecode.pdb
c:\users\admin\desktop\xuejiecode\xuejiecode\xuejiecode\debug\xuejiecode.tlog\cl.command.1.tlog
c:\users\admin\desktop\xuejiecode\xuejiecode\xuejiecode\debug\xuejiecode.tlog\cl.read.1.tlog
c:\users\admin\desktop\xuejiecode\xuejiecode\xuejiecode\debug\xuejiecode.tlog\cl.write.1.tlog
c:\users\admin\desktop\xuejiecode\xuejiecode\xuejiecode\debug\xuejiecode.tlog\custombuild.command.1.tlog
c:\users\admin\desktop\xuejiecode\xuejiecode\xuejiecode\debug\xuejiecode.tlog\custombuild.read.1.tlog
c:\users\admin\desktop\xuejiecode\xuejiecode\xuejiecode\debug\xuejiecode.tlog\custombuild.write.1.tlog
c:\users\admin\desktop\xuejiecode\xuejiecode\xuejiecode\debug\xuejiecode.tlog\link.command.1.tlog
c:\users\admin\desktop\xuejiecode\xuejiecode\xuejiecode\debug\xuejiecode.tlog\link.read.1.tlog
c:\users\admin\desktop\xuejiecode\xuejiecode\xuejiecode\debug\xuejiecode.tlog\link.write.1.tlog
